<?xml version="1.0" encoding="UTF-8"?>
<testng-results ignored="0" total="2" passed="2" failed="0" skipped="0">
  <reporter-output>
  </reporter-output>
  <suite started-at="2021-12-15T13:26:12 EST" name="Suite" finished-at="2021-12-15T13:26:12 EST" duration-ms="39">
    <groups>
    </groups>
    <test started-at="2021-12-15T13:26:12 EST" name="FireFox" finished-at="2021-12-15T13:26:12 EST" duration-ms="39">
      <class name="Test.APITest">
        <test-method signature="firstAPI()[pri:0, instance:Test.APITest@291b4bf5]" started-at="2021-12-15T13:26:12 EST" name="firstAPI" finished-at="2021-12-15T13:26:12 EST" duration-ms="1" status="PASS">
          <reporter-output>
          </reporter-output>
        </test-method> <!-- firstAPI -->
      </class> <!-- Test.APITest -->
      <class name="Test.AndroidTest">
        <test-method signature="firstAndroid()[pri:0, instance:Test.AndroidTest@68e5eea7]" started-at="2021-12-15T13:26:12 EST" name="firstAndroid" finished-at="2021-12-15T13:26:12 EST" duration-ms="7" status="PASS">
          <reporter-output>
          </reporter-output>
        </test-method> <!-- firstAndroid -->
      </class> <!-- Test.AndroidTest -->
    </test> <!-- FireFox -->
  </suite> <!-- Suite -->
</testng-results>
